<?xml version="1.0" encoding="UTF-8"?>
<!-- Generated by org.testng.reporters.JUnitReportReporter -->
<testsuite hostname="LAPTOP-S58JSNEH" failures="0" tests="3" name="com.org.main.tests.SubmitOrderTest" time="73.771" errors="0" timestamp="2025-05-11T00:13:38 IST" skipped="0">
  <testcase classname="com.org.main.tests.SubmitOrderTest" name="submitOrder" time="29.313"/>
  <testcase classname="com.org.main.tests.SubmitOrderTest" name="orderHistoryTest" time="13.764"/>
  <testcase classname="com.org.main.tests.SubmitOrderTest" name="submitOrder" time="30.694"/>
</testsuite> <!-- com.org.main.tests.SubmitOrderTest -->
