<?xml version="1.0" encoding="UTF-8"?>
<!-- Generated by org.testng.reporters.JUnitReportReporter -->
<testsuite hostname="LAPTOP-S58JSNEH" failures="0" tests="1" name="com.org.main.tests.SubmitOrder" time="32.598" errors="0" timestamp="2025-05-06T17:11:21 IST" skipped="0">
  <testcase classname="com.org.main.tests.SubmitOrder" name="submitOrder" time="32.598"/>
</testsuite> <!-- com.org.main.tests.SubmitOrder -->
