<?xml version="1.0" encoding="UTF-8"?>
<!-- Generated by org.testng.reporters.JUnitReportReporter -->
<testsuite hostname="LAPTOP-S58JSNEH" failures="0" tests="2" name="com.org.main.tests.ErrorValidationsTest" time="46.664" errors="0" timestamp="2025-05-11T00:13:38 IST" skipped="0">
  <testcase classname="com.org.main.tests.ErrorValidationsTest" name="LoginErrorValidation" time="5.814"/>
  <testcase classname="com.org.main.tests.ErrorValidationsTest" name="ProductErrorValidation" time="40.850"/>
</testsuite> <!-- com.org.main.tests.ErrorValidationsTest -->
