<?xml version="1.0" encoding="UTF-8"?>
<!-- Generated by org.testng.reporters.JUnitReportReporter -->
<testsuite hostname="LAPTOP-S58JSNEH" failures="0" tests="1" name="cucumber.TestNGTestRunner" time="30.415" errors="0" timestamp="2025-05-11T00:50:35 IST" skipped="0">
  <testcase classname="cucumber.TestNGTestRunner" name="runScenario" time="30.415"/>
</testsuite> <!-- cucumber.TestNGTestRunner -->
