<?xml version="1.0" encoding="UTF-8"?>
<!-- Generated by org.testng.reporters.JUnitReportReporter -->
<testsuite hostname="LAPTOP-S58JSNEH" failures="0" tests="1" name="com.org.main.tests.ErrorValidations" time="6.414" errors="0" timestamp="2025-05-06T17:38:14 IST" skipped="0">
  <testcase classname="com.org.main.tests.ErrorValidations" name="submitOrder" time="6.414"/>
</testsuite> <!-- com.org.main.tests.ErrorValidations -->
