<?xml version="1.0" encoding="UTF-8"?>
<!-- Generated by org.testng.reporters.JUnitReportReporter -->
<testsuite hostname="LAPTOP-S58JSNEH" failures="0" tests="1" name="cucumber.TestNGTestRunner" time="6.408" errors="0" timestamp="2025-05-15T19:44:16 IST" skipped="0">
  <testcase classname="cucumber.TestNGTestRunner" name="runScenario" time="6.408"/>
</testsuite> <!-- cucumber.TestNGTestRunner -->
