<?xml version="1.0" encoding="UTF-8"?>
<!-- Generated by org.testng.reporters.JUnitReportReporter -->
<testsuite hostname="LAPTOP-S58JSNEH" failures="0" tests="1" name="cucumber.TestNGTestRunner" time="4.527" errors="0" timestamp="2025-05-15T19:24:03 IST" skipped="0">
  <testcase classname="cucumber.TestNGTestRunner" name="runScenario" time="4.527"/>
</testsuite> <!-- cucumber.TestNGTestRunner -->
