<?xml version="1.0" encoding="UTF-8"?>
<!-- Generated by org.testng.reporters.JUnitReportReporter -->
<testsuite hostname="LAPTOP-S58JSNEH" failures="0" tests="3" name="com.org.main.tests.SubmitOrderTest" time="70.466" errors="0" timestamp="2025-05-15T19:44:16 IST" skipped="0">
  <testcase classname="com.org.main.tests.SubmitOrderTest" name="orderHistoryTest" time="9.907"/>
  <testcase classname="com.org.main.tests.SubmitOrderTest" name="submitOrder" time="35.519"/>
  <testcase classname="com.org.main.tests.SubmitOrderTest" name="submitOrder" time="25.040"/>
</testsuite> <!-- com.org.main.tests.SubmitOrderTest -->
